INFO [06-02|17:18:45.391] Starting pprof server                    addr=http://127.0.0.1:6060/debug/pprof
INFO [06-02|17:18:45.391] Starting Geth on Görli testnet... 
INFO [06-02|17:18:45.391] Enabling metrics collection 
INFO [06-02|17:18:45.393] Maximum peer count                       ETH=5 LES=0 total=5
INFO [06-02|17:18:45.395] Set global gas cap                       cap=50,000,000
INFO [06-02|17:18:45.395] Allocated trie memory caches             clean=153.00MiB dirty=256.00MiB
INFO [06-02|17:18:45.395] Allocated cache and file handles         database=/Volumes/ethereum-ssd/repo/ethereum/goerli/data/geth/chaindata cache=512.00MiB handles=5120
INFO [06-02|17:18:45.791] Opened ancient database                  database=/Volumes/ethereum-ssd/repo/ethereum/goerli/data/geth/chaindata/ancient readonly=false
INFO [06-02|17:18:45.809] Persisted trie from memory database      nodes=361 size=51.17KiB time="456.024µs" gcnodes=0 gcsize=0.00B gctime=0s livenodes=1 livesize=0.00B
INFO [06-02|17:18:45.809] Initialised chain configuration          config="{ChainID: 5 Homestead: 0 DAO: <nil> DAOSupport: true EIP150: 0 EIP155: 0 EIP158: 0 Byzantium: 0 Constantinople: 0 Petersburg: 0 Istanbul: 1561651, Muir Glacier: <nil>, Berlin: 4460644, London: 5062605, Arrow Glacier: <nil>, MergeFork: <nil>, Terminal TD: <nil>, Engine: clique}"
INFO [06-02|17:18:45.887] Initialising Ethereum protocol           network=5 dbversion=8
INFO [06-02|17:18:45.898] Loaded most recent local header          number=5,943,831 hash=a28e21..f9bc78 td=8,705,577 age=6mo3d10h
INFO [06-02|17:18:45.898] Loaded most recent local full block      number=0         hash=bf7e33..b88c1a td=1         age=3y4mo2w
INFO [06-02|17:18:45.898] Loaded most recent local fast block      number=5,943,291 hash=0c96c6..719ea4 td=8,704,859 age=6mo3d13h
INFO [06-02|17:18:45.898] Loaded last fast-sync pivot marker       number=6,992,962
WARN [06-02|17:18:45.969] Snapshot maintenance disabled (syncing) 
INFO [06-02|17:18:45.970] Loaded local transaction journal         transactions=0 dropped=0
INFO [06-02|17:18:45.970] Regenerated local transaction journal    transactions=0 accounts=0
INFO [06-02|17:18:45.970] Gasprice oracle is ignoring threshold set threshold=2
WARN [06-02|17:18:45.971] Unclean shutdown detected                booted=2022-06-02T16:44:20+0200 age=34m25s
WARN [06-02|17:18:45.971] Unclean shutdown detected                booted=2022-06-02T16:46:49+0200 age=31m56s
INFO [06-02|17:18:45.989] Starting peer-to-peer node               instance=Geth/v1.10.17-stable/darwin-amd64/go1.18.2
INFO [06-02|17:18:46.014] New local node record                    seq=1,653,398,569,382 id=2ffd34058261d612 ip=127.0.0.1 udp=30303 tcp=30303
INFO [06-02|17:18:46.015] Started P2P networking                   self=enode://cdf32e02b9e1dc378b82f70670c2c1b1e5a676ef0ed72a99090f6b04ac281058d0c670751e84c2ef364bb8224f492639c410a048fa1edc215d026b5d823dafe2@127.0.0.1:30303
INFO [06-02|17:18:46.018] IPC endpoint opened                      url=/Volumes/ethereum-ssd/repo/ethereum/goerli/data/goerli/goerli.ipc
INFO [06-02|17:18:46.018] HTTP server started                      endpoint=127.0.0.1:8545 auth=false prefix= cors= vhosts=localhost
INFO [06-02|17:18:46.018] WebSocket enabled                        url=ws://127.0.0.1:8546
INFO [06-02|17:18:48.800] Mapped network port                      proto=tcp extport=30303 intport=30303 interface="UPNP IGDv1-IP1"
INFO [06-02|17:18:49.247] Mapped network port                      proto=udp extport=30303 intport=30303 interface="UPNP IGDv1-IP1"
INFO [06-02|17:18:57.928] New local node record                    seq=1,653,398,569,383 id=2ffd34058261d612 ip=95.91.219.216 udp=47717 tcp=30303
INFO [06-02|17:19:04.081] Looking for peers                        peercount=0 tried=16 static=0
INFO [06-02|17:19:06.612] Block synchronisation started 
WARN [06-02|17:19:06.613] Synchronisation failed, retrying         err="peer is unknown or unhealthy"
INFO [06-02|17:19:22.290] Looking for peers                        peercount=0 tried=24 static=0
INFO [06-02|17:19:32.506] Looking for peers                        peercount=0 tried=46 static=0
INFO [06-02|17:19:43.464] Looking for peers                        peercount=0 tried=21 static=0
INFO [06-02|17:19:57.296] Looking for peers                        peercount=0 tried=20 static=0
INFO [06-02|17:20:07.344] Looking for peers                        peercount=0 tried=29 static=0
INFO [06-02|17:20:18.466] Looking for peers                        peercount=0 tried=35 static=0
INFO [06-02|17:20:28.930] Looking for peers                        peercount=0 tried=26 static=0
INFO [06-02|17:20:39.134] Looking for peers                        peercount=0 tried=44 static=0
WARN [06-02|17:20:47.794] Served eth_coinbase                      reqid=3 duration="79.368µs" err="etherbase must be explicitly specified"
INFO [06-02|17:20:49.473] Looking for peers                        peercount=0 tried=3  static=0
INFO [06-02|17:20:59.514] Looking for peers                        peercount=0 tried=25 static=0
INFO [06-02|17:21:10.694] Looking for peers                        peercount=0 tried=26 static=0
INFO [06-02|17:21:15.019] Got interrupt, shutting down... 
INFO [06-02|17:21:15.021] HTTP server stopped                      endpoint=127.0.0.1:8545
INFO [06-02|17:21:15.022] HTTP server stopped                      endpoint=127.0.0.1:8546
INFO [06-02|17:21:15.023] IPC endpoint closed                      url=/Volumes/ethereum-ssd/repo/ethereum/goerli/data/goerli/goerli.ipc
INFO [06-02|17:21:15.023] Ethereum protocol stopped 
INFO [06-02|17:21:15.023] Transaction pool stopped 
ERROR[06-02|17:21:15.023] Failed to journal state snapshot         err="snapshot [0x5d6cded585e73c4e322c30c2f782a336316f17dd85a4863b9d838d2d4b8b3008] missing"
INFO [06-02|17:21:15.023] Writing clean trie cache to disk         path=/Volumes/ethereum-ssd/repo/ethereum/goerli/data/geth/triecache threads=4
INFO [06-02|17:21:15.031] Persisted the clean trie cache           path=/Volumes/ethereum-ssd/repo/ethereum/goerli/data/geth/triecache elapsed=7.376ms
INFO [06-02|17:21:15.031] Blockchain stopped 
